d:\01.sw개발\regexstudy\regexstudy\regexstudy\regexstudy\x64\release\regexstudy.pch
d:\01.sw개발\regexstudy\regexstudy\regexstudy\regexstudy\x64\release\vc143.pdb
d:\01.sw개발\regexstudy\regexstudy\regexstudy\regexstudy\x64\release\pch.obj
d:\01.sw개발\regexstudy\regexstudy\regexstudy\regexstudy\x64\release\regexstudydlg.obj
d:\01.sw개발\regexstudy\regexstudy\regexstudy\regexstudy\x64\release\regexstudy.obj
d:\01.sw개발\regexstudy\regexstudy\regexstudy\regexstudy\x64\release\iconbutton.obj
d:\01.sw개발\regexstudy\regexstudy\regexstudy\regexstudy\x64\release\cricheditctrlex.obj
d:\01.sw개발\regexstudy\regexstudy\regexstudy\regexstudy\x64\release\chelpdialog.obj
d:\01.sw개발\regexstudy\regexstudy\regexstudy\x64\release\regexstudy.exe
d:\01.sw개발\regexstudy\regexstudy\regexstudy\x64\release\regexstudy.pdb
d:\01.sw개발\regexstudy\regexstudy\regexstudy\regexstudy\x64\release\regexstudy.res
d:\01.sw개발\regexstudy\regexstudy\regexstudy\regexstudy\x64\release\regexstudy.ipdb
d:\01.sw개발\regexstudy\regexstudy\regexstudy\regexstudy\x64\release\regexstudy.iobj
d:\01.sw개발\regexstudy\regexstudy\regexstudy\regexstudy\x64\release\regexstudy.tlog\cl.command.1.tlog
d:\01.sw개발\regexstudy\regexstudy\regexstudy\regexstudy\x64\release\regexstudy.tlog\cl.items.tlog
d:\01.sw개발\regexstudy\regexstudy\regexstudy\regexstudy\x64\release\regexstudy.tlog\cl.read.1.tlog
d:\01.sw개발\regexstudy\regexstudy\regexstudy\regexstudy\x64\release\regexstudy.tlog\cl.write.1.tlog
d:\01.sw개발\regexstudy\regexstudy\regexstudy\regexstudy\x64\release\regexstudy.tlog\link.command.1.tlog
d:\01.sw개발\regexstudy\regexstudy\regexstudy\regexstudy\x64\release\regexstudy.tlog\link.read.1.tlog
d:\01.sw개발\regexstudy\regexstudy\regexstudy\regexstudy\x64\release\regexstudy.tlog\link.secondary.1.tlog
d:\01.sw개발\regexstudy\regexstudy\regexstudy\regexstudy\x64\release\regexstudy.tlog\link.write.1.tlog
d:\01.sw개발\regexstudy\regexstudy\regexstudy\regexstudy\x64\release\regexstudy.tlog\rc.command.1.tlog
d:\01.sw개발\regexstudy\regexstudy\regexstudy\regexstudy\x64\release\regexstudy.tlog\rc.read.1.tlog
d:\01.sw개발\regexstudy\regexstudy\regexstudy\regexstudy\x64\release\regexstudy.tlog\rc.write.1.tlog
